0 info it worked if it ends with ok
1 verbose cli [
1 verbose cli   'C:\\Program Files\\nodejs\\node.exe',
1 verbose cli   'C:\\Program Files\\nodejs\\node_modules\\npm\\bin\\npm-cli.js',
1 verbose cli   'start'
1 verbose cli ]
2 info using npm@6.10.3
3 info using node@v12.10.0
4 verbose run-script [ 'prestart', 'start', 'poststart' ]
5 info lifecycle react_complete_guide_project@0.1.0~prestart: react_complete_guide_project@0.1.0
6 info lifecycle react_complete_guide_project@0.1.0~start: react_complete_guide_project@0.1.0
7 verbose lifecycle react_complete_guide_project@0.1.0~start: unsafe-perm in lifecycle true
8 verbose lifecycle react_complete_guide_project@0.1.0~start: PATH: C:\Program Files\nodejs\node_modules\npm\node_modules\npm-lifecycle\node-gyp-bin;C:\Users\alex\Desktop\Patel_Practice\Learn React\node_modules\.bin;C:\Users\alex\bin;C:\Program Files\Git\mingw64\bin;C:\Program Files\Git\usr\local\bin;C:\Program Files\Git\usr\bin;C:\Program Files\Git\usr\bin;C:\Program Files\Git\mingw64\bin;C:\Program Files\Git\usr\bin;C:\Users\alex\bin;C:\Windows\system32;C:\Windows;C:\Windows\System32\Wbem;C:\Windows\System32\WindowsPowerShell\v1.0;C:\Program Files\Microsoft VS Code\bin;C:\Program Files\Git\cmd;C:\Program Files\nodejs;C:\Users\alex\AppData\Local\Android\Sdk\platform-tools;C:\Users\alex\AppData\Local\atom\bin;C:\Users\alex\AppData\Roaming\npm;C:\Users\alex\AppData\Local\Android\Sdk\platform-tools;C:\Program Files\Git\usr\bin\vendor_perl;C:\Program Files\Git\usr\bin\core_perl
9 verbose lifecycle react_complete_guide_project@0.1.0~start: CWD: C:\Users\alex\Desktop\Patel_Practice\Learn React
10 silly lifecycle react_complete_guide_project@0.1.0~start: Args: [ '/d /s /c', 'react-scripts start' ]
11 silly lifecycle react_complete_guide_project@0.1.0~start: Returned: code: 1  signal: null
12 info lifecycle react_complete_guide_project@0.1.0~start: Failed to exec start script
13 verbose stack Error: react_complete_guide_project@0.1.0 start: `react-scripts start`
13 verbose stack Exit status 1
13 verbose stack     at EventEmitter.<anonymous> (C:\Program Files\nodejs\node_modules\npm\node_modules\npm-lifecycle\index.js:326:16)
13 verbose stack     at EventEmitter.emit (events.js:209:13)
13 verbose stack     at ChildProcess.<anonymous> (C:\Program Files\nodejs\node_modules\npm\node_modules\npm-lifecycle\lib\spawn.js:55:14)
13 verbose stack     at ChildProcess.emit (events.js:209:13)
13 verbose stack     at maybeClose (internal/child_process.js:1021:16)
13 verbose stack     at Process.ChildProcess._handle.onexit (internal/child_process.js:283:5)
14 verbose pkgid react_complete_guide_project@0.1.0
15 verbose cwd C:\Users\alex\Desktop\Patel_Practice\Learn React
16 verbose Windows_NT 6.1.7601
17 verbose argv "C:\\Program Files\\nodejs\\node.exe" "C:\\Program Files\\nodejs\\node_modules\\npm\\bin\\npm-cli.js" "start"
18 verbose node v12.10.0
19 verbose npm  v6.10.3
20 error code ELIFECYCLE
21 error errno 1
22 error react_complete_guide_project@0.1.0 start: `react-scripts start`
22 error Exit status 1
23 error Failed at the react_complete_guide_project@0.1.0 start script.
23 error This is probably not a problem with npm. There is likely additional logging output above.
24 verbose exit [ 1, true ]
